<?xml version="1.0" encoding="UTF-8"?>
<coverage generated="1602946240339" clover="3.2.0">
  <project timestamp="1602946240339" name="All files">
    <metrics statements="27" coveredstatements="27" conditionals="7" coveredconditionals="5" methods="6" coveredmethods="6" elements="40" coveredelements="38" complexity="0" loc="27" ncloc="27" packages="3" files="5" classes="5"/>
    <package name="src">
      <metrics statements="3" coveredstatements="3" conditionals="0" coveredconditionals="0" methods="1" coveredmethods="1"/>
      <file name="index.ts" path="D:\作品\javascrpit庫\tp953704-lodash\src\index.ts">
        <metrics statements="3" coveredstatements="3" conditionals="0" coveredconditionals="0" methods="1" coveredmethods="1"/>
        <line num="1" count="1" type="stmt"/>
        <line num="2" count="1" type="stmt"/>
        <line num="4" count="1" type="stmt"/>
      </file>
    </package>
    <package name="src.Lang">
      <metrics statements="4" coveredstatements="4" conditionals="2" coveredconditionals="2" methods="1" coveredmethods="1"/>
      <file name="castArray.ts" path="D:\作品\javascrpit庫\tp953704-lodash\src\Lang\castArray.ts">
        <metrics statements="4" coveredstatements="4" conditionals="2" coveredconditionals="2" methods="1" coveredmethods="1"/>
        <line num="1" count="1" type="stmt"/>
        <line num="2" count="6" type="cond" truecount="2" falsecount="0"/>
        <line num="3" count="1" type="stmt"/>
        <line num="5" count="5" type="stmt"/>
      </file>
    </package>
    <package name="src.array">
      <metrics statements="20" coveredstatements="20" conditionals="5" coveredconditionals="3" methods="4" coveredmethods="4"/>
      <file name="chunk.ts" path="D:\作品\javascrpit庫\tp953704-lodash\src\array\chunk.ts">
        <metrics statements="8" coveredstatements="8" conditionals="3" coveredconditionals="1" methods="1" coveredmethods="1"/>
        <line num="1" count="1" type="cond" truecount="0" falsecount="1"/>
        <line num="2" count="2" type="cond" truecount="1" falsecount="1"/>
        <line num="3" count="2" type="stmt"/>
        <line num="4" count="2" type="stmt"/>
        <line num="5" count="2" type="stmt"/>
        <line num="6" count="4" type="stmt"/>
        <line num="7" count="4" type="stmt"/>
        <line num="9" count="2" type="stmt"/>
      </file>
      <file name="compact.ts" path="D:\作品\javascrpit庫\tp953704-lodash\src\array\compact.ts">
        <metrics statements="6" coveredstatements="6" conditionals="2" coveredconditionals="2" methods="2" coveredmethods="2"/>
        <line num="1" count="1" type="stmt"/>
        <line num="2" count="2" type="stmt"/>
        <line num="3" count="2" type="stmt"/>
        <line num="4" count="12" type="cond" truecount="2" falsecount="0"/>
        <line num="5" count="5" type="stmt"/>
        <line num="8" count="2" type="stmt"/>
      </file>
      <file name="concat.ts" path="D:\作品\javascrpit庫\tp953704-lodash\src\array\concat.ts">
        <metrics statements="6" coveredstatements="6" conditionals="0" coveredconditionals="0" methods="1" coveredmethods="1"/>
        <line num="1" count="1" type="stmt"/>
        <line num="2" count="1" type="stmt"/>
        <line num="3" count="1" type="stmt"/>
        <line num="4" count="1" type="stmt"/>
        <line num="5" count="3" type="stmt"/>
        <line num="7" count="1" type="stmt"/>
      </file>
    </package>
  </project>
</coverage>
