{"D:\\作品\\javascrpit庫\\tp953704-lodash\\src\\index.ts": {"path":"D:\\作品\\javascrpit庫\\tp953704-lodash\\src\\index.ts","statementMap":{"0":{"start":{"line":1,"column":10},"end":{"line":3,"column":1}},"1":{"start":{"line":2,"column":4},"end":{"line":2,"column":15}},"2":{"start":{"line":4,"column":8},"end":{"line":4,"column":9}}},"fnMap":{"0":{"name":"(anonymous_0)","decl":{"start":{"line":1,"column":10},"end":{"line":1,"column":20}},"loc":{"start":{"line":1,"column":22},"end":{"line":3,"column":1}}}},"branchMap":{},"s":{"0":1,"1":1,"2":1},"f":{"0":1},"b":{}}
,"D:\\作品\\javascrpit庫\\tp953704-lodash\\src\\Lang\\castArray.ts": {"path":"D:\\作品\\javascrpit庫\\tp953704-lodash\\src\\Lang\\castArray.ts","statementMap":{"0":{"start":{"line":1,"column":13},"end":{"line":6,"column":null}},"1":{"start":{"line":2,"column":4},"end":{"line":4,"column":null}},"2":{"start":{"line":3,"column":8},"end":{"line":3,"column":22}},"3":{"start":{"line":5,"column":4},"end":{"line":5,"column":20}}},"fnMap":{"0":{"name":"(anonymous_0)","decl":{"start":{"line":1,"column":25},"end":{"line":1,"column":26}},"loc":{"start":{"line":1,"column":43},"end":{"line":6,"column":1}}}},"branchMap":{"0":{"loc":{"start":{"line":2,"column":4},"end":{"line":4,"column":null}},"type":"if","locations":[{"start":{"line":2,"column":4},"end":{"line":4,"column":null}},{"start":{"line":2,"column":4},"end":{"line":4,"column":null}}]}},"s":{"0":1,"1":6,"2":1,"3":5},"f":{"0":6},"b":{"0":[1,5]}}
,"D:\\作品\\javascrpit庫\\tp953704-lodash\\src\\array\\chunk.ts": {"path":"D:\\作品\\javascrpit庫\\tp953704-lodash\\src\\array\\chunk.ts","statementMap":{"0":{"start":{"line":2,"column":19},"end":{"line":2,"column":36}},"1":{"start":{"line":3,"column":21},"end":{"line":3,"column":43}},"2":{"start":{"line":4,"column":36},"end":{"line":4,"column":38}},"3":{"start":{"line":5,"column":4},"end":{"line":8,"column":null}},"4":{"start":{"line":5,"column":16},"end":{"line":5,"column":17}},"5":{"start":{"line":6,"column":38},"end":{"line":6,"column":68}},"6":{"start":{"line":7,"column":8},"end":{"line":7,"column":null}},"7":{"start":{"line":9,"column":4},"end":{"line":9,"column":24}},"8":{"start":{"line":1,"column":0},"end":{"line":1,"column":16}}},"fnMap":{"0":{"name":"chunk","decl":{"start":{"line":1,"column":16},"end":{"line":1,"column":21}},"loc":{"start":{"line":1,"column":56},"end":{"line":10,"column":1}}}},"branchMap":{"0":{"loc":{"start":{"line":1,"column":55},"end":{"line":1,"column":56}},"type":"default-arg","locations":[{"start":{"line":1,"column":55},"end":{"line":1,"column":56}}]},"1":{"loc":{"start":{"line":2,"column":19},"end":{"line":2,"column":31}},"type":"binary-expr","locations":[{"start":{"line":2,"column":19},"end":{"line":2,"column":31}},{"start":{"line":2,"column":35},"end":{"line":2,"column":36}}]}},"s":{"0":2,"1":2,"2":2,"3":2,"4":2,"5":4,"6":4,"7":2,"8":1},"f":{"0":2},"b":{"0":[0],"1":[2,0]}}
,"D:\\作品\\javascrpit庫\\tp953704-lodash\\src\\array\\compact.ts": {"path":"D:\\作品\\javascrpit庫\\tp953704-lodash\\src\\array\\compact.ts","statementMap":{"0":{"start":{"line":2,"column":37},"end":{"line":2,"column":39}},"1":{"start":{"line":3,"column":4},"end":{"line":7,"column":null}},"2":{"start":{"line":4,"column":8},"end":{"line":6,"column":null}},"3":{"start":{"line":5,"column":12},"end":{"line":5,"column":35}},"4":{"start":{"line":8,"column":4},"end":{"line":8,"column":23}},"5":{"start":{"line":1,"column":0},"end":{"line":1,"column":16}}},"fnMap":{"0":{"name":"compact","decl":{"start":{"line":1,"column":16},"end":{"line":1,"column":23}},"loc":{"start":{"line":1,"column":44},"end":{"line":9,"column":1}}},"1":{"name":"(anonymous_1)","decl":{"start":{"line":3,"column":18},"end":{"line":3,"column":19}},"loc":{"start":{"line":3,"column":34},"end":{"line":7,"column":5}}}},"branchMap":{"0":{"loc":{"start":{"line":4,"column":8},"end":{"line":6,"column":null}},"type":"if","locations":[{"start":{"line":4,"column":8},"end":{"line":6,"column":null}},{"start":{"line":4,"column":8},"end":{"line":6,"column":null}}]}},"s":{"0":2,"1":2,"2":12,"3":5,"4":2,"5":1},"f":{"0":2,"1":12},"b":{"0":[5,7]}}
,"D:\\作品\\javascrpit庫\\tp953704-lodash\\src\\array\\concat.ts": {"path":"D:\\作品\\javascrpit庫\\tp953704-lodash\\src\\array\\concat.ts","statementMap":{"0":{"start":{"line":1,"column":13},"end":{"line":8,"column":null}},"1":{"start":{"line":2,"column":23},"end":{"line":2,"column":34}},"2":{"start":{"line":3,"column":19},"end":{"line":3,"column":31}},"3":{"start":{"line":4,"column":4},"end":{"line":6,"column":null}},"4":{"start":{"line":5,"column":8},"end":{"line":5,"column":34}},"5":{"start":{"line":7,"column":4},"end":{"line":7,"column":17}}},"fnMap":{"0":{"name":"(anonymous_0)","decl":{"start":{"line":1,"column":22},"end":{"line":1,"column":23}},"loc":{"start":{"line":1,"column":71},"end":{"line":8,"column":1}}}},"branchMap":{},"s":{"0":1,"1":1,"2":1,"3":1,"4":3,"5":1},"f":{"0":1},"b":{}}
}
