TN:
SF:src\index.ts
FN:1,(anonymous_0)
FNF:1
FNH:1
FNDA:1,(anonymous_0)
DA:1,1
DA:2,1
DA:4,1
LF:3
LH:3
BRF:0
BRH:0
end_of_record
TN:
SF:src\Lang\castArray.ts
FN:1,(anonymous_0)
FNF:1
FNH:1
FNDA:6,(anonymous_0)
DA:1,1
DA:2,6
DA:3,1
DA:5,5
LF:4
LH:4
BRDA:2,0,0,1
BRDA:2,0,1,5
BRF:2
BRH:2
end_of_record
TN:
SF:src\array\chunk.ts
FN:1,chunk
FNF:1
FNH:1
FNDA:2,chunk
DA:1,1
DA:2,2
DA:3,2
DA:4,2
DA:5,2
DA:6,4
DA:7,4
DA:9,2
LF:8
LH:8
BRDA:1,0,0,0
BRDA:2,1,0,2
BRDA:2,1,1,0
BRF:3
BRH:1
end_of_record
TN:
SF:src\array\compact.ts
FN:1,compact
FN:3,(anonymous_1)
FNF:2
FNH:2
FNDA:2,compact
FNDA:12,(anonymous_1)
DA:1,1
DA:2,2
DA:3,2
DA:4,12
DA:5,5
DA:8,2
LF:6
LH:6
BRDA:4,0,0,5
BRDA:4,0,1,7
BRF:2
BRH:2
end_of_record
TN:
SF:src\array\concat.ts
FN:1,(anonymous_0)
FNF:1
FNH:1
FNDA:1,(anonymous_0)
DA:1,1
DA:2,1
DA:3,1
DA:4,1
DA:5,3
DA:7,1
LF:6
LH:6
BRF:0
BRH:0
end_of_record
